0 info it worked if it ends with ok
1 verbose cli [ '/Users/greatghoul/.nvm/versions/node/v5.1.1/bin/node',
1 verbose cli   '/Users/greatghoul/.nvm/versions/node/v5.1.1/bin/npm',
1 verbose cli   'start' ]
2 info using npm@3.10.6
3 info using node@v5.1.1
4 verbose run-script [ 'prestart', 'start', 'poststart' ]
5 info lifecycle focus-dict@~prestart: focus-dict@
6 silly lifecycle focus-dict@~prestart: no script for prestart, continuing
7 info lifecycle focus-dict@~start: focus-dict@
8 verbose lifecycle focus-dict@~start: unsafe-perm in lifecycle true
9 verbose lifecycle focus-dict@~start: PATH: /Users/greatghoul/.nvm/versions/node/v5.1.1/lib/node_modules/npm/bin/node-gyp-bin:/Users/greatghoul/Workspace/crx-transit/node_modules/.bin:/Users/greatghoul/.rvm/gems/ruby-2.3.0/bin:/Users/greatghoul/.rvm/gems/ruby-2.3.0@global/bin:/Users/greatghoul/.rvm/rubies/ruby-2.3.0/bin:/Users/greatghoul/.nvm/versions/node/v5.1.1/bin:/usr/local/bin:/usr/local/sbin:/usr/bin:/bin:/usr/sbin:/sbin:/opt/X11/bin:/Users/greatghoul/.rvm/bin:/usr/local/mysql/bin
10 verbose lifecycle focus-dict@~start: CWD: /Users/greatghoul/Workspace/crx-transit
11 silly lifecycle focus-dict@~start: Args: [ '-c', 'webpack --watch' ]
12 silly lifecycle focus-dict@~start: Returned: code: 1  signal: null
13 info lifecycle focus-dict@~start: Failed to exec start script
14 verbose stack Error: focus-dict@ start: `webpack --watch`
14 verbose stack Exit status 1
14 verbose stack     at EventEmitter.<anonymous> (/Users/greatghoul/.nvm/versions/node/v5.1.1/lib/node_modules/npm/lib/utils/lifecycle.js:255:16)
14 verbose stack     at emitTwo (events.js:87:13)
14 verbose stack     at EventEmitter.emit (events.js:172:7)
14 verbose stack     at ChildProcess.<anonymous> (/Users/greatghoul/.nvm/versions/node/v5.1.1/lib/node_modules/npm/lib/utils/spawn.js:40:14)
14 verbose stack     at emitTwo (events.js:87:13)
14 verbose stack     at ChildProcess.emit (events.js:172:7)
14 verbose stack     at maybeClose (internal/child_process.js:818:16)
14 verbose stack     at Process.ChildProcess._handle.onexit (internal/child_process.js:211:5)
15 verbose pkgid focus-dict@
16 verbose cwd /Users/greatghoul/Workspace/crx-transit
17 error Darwin 16.3.0
18 error argv "/Users/greatghoul/.nvm/versions/node/v5.1.1/bin/node" "/Users/greatghoul/.nvm/versions/node/v5.1.1/bin/npm" "start"
19 error node v5.1.1
20 error npm  v3.10.6
21 error code ELIFECYCLE
22 error focus-dict@ start: `webpack --watch`
22 error Exit status 1
23 error Failed at the focus-dict@ start script 'webpack --watch'.
23 error Make sure you have the latest version of node.js and npm installed.
23 error If you do, this is most likely a problem with the focus-dict package,
23 error not with npm itself.
23 error Tell the author that this fails on your system:
23 error     webpack --watch
23 error You can get information on how to open an issue for this project with:
23 error     npm bugs focus-dict
23 error Or if that isn't available, you can get their info via:
23 error     npm owner ls focus-dict
23 error There is likely additional logging output above.
24 verbose exit [ 1, true ]
